# JRE version: OpenJDK Runtime Environment Microsoft-8035250 (11.0.20+8) (build 11.0.20+8-LTS)
# Java VM: OpenJDK 64-Bit Server VM Microsoft-8035250 (11.0.20+8-LTS, mixed mode, tiered, compressed oops, g1 gc, windows-amd64)
Heap:
 garbage-first heap   total 258048K, used 94510K [0x0000000080000000, 0x0000000100000000)
  region size 1024K, 74 young (75776K), 6 survivors (6144K)
 Metaspace       used 41697K, capacity 42849K, committed 43088K, reserved 557056K
  class space    used 5210K, capacity 5615K, committed 5632K, reserved 516096K
GC Heap History (10 events):
Event: 2.028 GC heap before
{Heap before GC invocations=0 (full 0):
 garbage-first heap   total 258048K, used 27648K [0x0000000080000000, 0x0000000100000000)
  region size 1024K, 24 young (24576K), 0 survivors (0K)
 Metaspace       used 10178K, capacity 10398K, committed 10624K, reserved 526336K
  class space    used 1026K, capacity 1107K, committed 1152K, reserved 516096K
}
Event: 2.048 GC heap after
{Heap after GC invocations=1 (full 0):
 garbage-first heap   total 258048K, used 10562K [0x0000000080000000, 0x0000000100000000)
  region size 1024K, 3 young (3072K), 3 survivors (3072K)
 Metaspace       used 10178K, capacity 10398K, committed 10624K, reserved 526336K
  class space    used 1026K, capacity 1107K, committed 1152K, reserved 516096K
}
Event: 7.494 GC heap before
{Heap before GC invocations=1 (full 0):
 garbage-first heap   total 258048K, used 99650K [0x0000000080000000, 0x0000000100000000)
  region size 1024K, 91 young (93184K), 3 survivors (3072K)
 Metaspace       used 20741K, capacity 21141K, committed 21296K, reserved 536576K
  class space    used 2440K, capacity 2609K, committed 2688K, reserved 516096K
}
Event: 7.510 GC heap after
{Heap after GC invocations=2 (full 0):
 garbage-first heap   total 258048K, used 18031K [0x0000000080000000, 0x0000000100000000)
  region size 1024K, 11 young (11264K), 11 survivors (11264K)
 Metaspace       used 20741K, capacity 21141K, committed 21296K, reserved 536576K
  class space    used 2440K, capacity 2609K, committed 2688K, reserved 516096K
}
Event: 7.824 GC heap before
{Heap before GC invocations=3 (full 0):
 garbage-first heap   total 258048K, used 29295K [0x0000000080000000, 0x0000000100000000)
  region size 1024K, 22 young (22528K), 11 survivors (11264K)
 Metaspace       used 22134K, capacity 22574K, committed 22704K, reserved 536576K
  class space    used 2644K, capacity 2790K, committed 2816K, reserved 516096K
}
Event: 7.830 GC heap after
{Heap after GC invocations=4 (full 0):
 garbage-first heap   total 258048K, used 18862K [0x0000000080000000, 0x0000000100000000)
  region size 1024K, 1 young (1024K), 1 survivors (1024K)
 Metaspace       used 22134K, capacity 22574K, committed 22704K, reserved 536576K
  class space    used 2644K, capacity 2790K, committed 2816K, reserved 516096K
}
Event: 9.959 GC heap before
{Heap before GC invocations=4 (full 0):
 garbage-first heap   total 258048K, used 117166K [0x0000000080000000, 0x0000000100000000)
  region size 1024K, 97 young (99328K), 1 survivors (1024K)
 Metaspace       used 30733K, capacity 31485K, committed 31664K, reserved 544768K
  class space    used 3995K, capacity 4279K, committed 4352K, reserved 516096K
}
Event: 9.963 GC heap after
{Heap after GC invocations=5 (full 0):
 garbage-first heap   total 258048K, used 21771K [0x0000000080000000, 0x0000000100000000)
  region size 1024K, 4 young (4096K), 4 survivors (4096K)
 Metaspace       used 30733K, capacity 31485K, committed 31664K, reserved 544768K
  class space    used 3995K, capacity 4279K, committed 4352K, reserved 516096K
}
Event: 10.652 GC heap before
{Heap before GC invocations=5 (full 0):
 garbage-first heap   total 258048K, used 46347K [0x0000000080000000, 0x0000000100000000)
  region size 1024K, 29 young (29696K), 4 survivors (4096K)
 Metaspace       used 34959K, capacity 35792K, committed 35920K, reserved 548864K
  class space    used 4442K, capacity 4780K, committed 4864K, reserved 516096K
}
Event: 10.662 GC heap after
{Heap after GC invocations=6 (full 0):
 garbage-first heap   total 258048K, used 23854K [0x0000000080000000, 0x0000000100000000)
  region size 1024K, 6 young (6144K), 6 survivors (6144K)
 Metaspace       used 34959K, capacity 35792K, committed 35920K, reserved 548864K
  class space    used 4442K, capacity 4780K, committed 4864K, reserved 516096K
}

