# JRE version: OpenJDK Runtime Environment Microsoft-8035250 (11.0.20+8) (build 11.0.20+8-LTS)
# Java VM: OpenJDK 64-Bit Server VM Microsoft-8035250 (11.0.20+8-LTS, mixed mode, tiered, compressed oops, g1 gc, windows-amd64)
Heap:
 garbage-first heap   total 258048K, used 185701K [0x0000000080000000, 0x0000000100000000)
  region size 1024K, 17 young (17408K), 1 survivors (1024K)
 Metaspace       used 110669K, capacity 115767K, committed 115896K, reserved 616448K
  class space    used 14414K, capacity 16265K, committed 16384K, reserved 516096K
GC Heap History (20 events):
Event: 170.567 GC heap before
{Heap before GC invocations=40 (full 0):
 garbage-first heap   total 258048K, used 217426K [0x0000000080000000, 0x0000000100000000)
  region size 1024K, 47 young (48128K), 1 survivors (1024K)
 Metaspace       used 110576K, capacity 115628K, committed 115896K, reserved 616448K
  class space    used 14412K, capacity 16262K, committed 16384K, reserved 516096K
}
Event: 170.569 GC heap after
{Heap after GC invocations=41 (full 0):
 garbage-first heap   total 258048K, used 170296K [0x0000000080000000, 0x0000000100000000)
  region size 1024K, 1 young (1024K), 1 survivors (1024K)
 Metaspace       used 110576K, capacity 115628K, committed 115896K, reserved 616448K
  class space    used 14412K, capacity 16262K, committed 16384K, reserved 516096K
}
Event: 203.455 GC heap before
{Heap before GC invocations=41 (full 0):
 garbage-first heap   total 258048K, used 218424K [0x0000000080000000, 0x0000000100000000)
  region size 1024K, 48 young (49152K), 1 survivors (1024K)
 Metaspace       used 110598K, capacity 115692K, committed 115896K, reserved 616448K
  class space    used 14412K, capacity 16262K, committed 16384K, reserved 516096K
}
Event: 203.459 GC heap after
{Heap after GC invocations=42 (full 0):
 garbage-first heap   total 258048K, used 170291K [0x0000000080000000, 0x0000000100000000)
  region size 1024K, 1 young (1024K), 1 survivors (1024K)
 Metaspace       used 110598K, capacity 115692K, committed 115896K, reserved 616448K
  class space    used 14412K, capacity 16262K, committed 16384K, reserved 516096K
}
Event: 239.264 GC heap before
{Heap before GC invocations=43 (full 0):
 garbage-first heap   total 258048K, used 219443K [0x0000000080000000, 0x0000000100000000)
  region size 1024K, 49 young (50176K), 1 survivors (1024K)
 Metaspace       used 110600K, capacity 115692K, committed 115896K, reserved 616448K
  class space    used 14412K, capacity 16262K, committed 16384K, reserved 516096K
}
Event: 239.267 GC heap after
{Heap after GC invocations=44 (full 0):
 garbage-first heap   total 258048K, used 170323K [0x0000000080000000, 0x0000000100000000)
  region size 1024K, 1 young (1024K), 1 survivors (1024K)
 Metaspace       used 110600K, capacity 115692K, committed 115896K, reserved 616448K
  class space    used 14412K, capacity 16262K, committed 16384K, reserved 516096K
}
Event: 271.082 GC heap before
{Heap before GC invocations=44 (full 0):
 garbage-first heap   total 258048K, used 219475K [0x0000000080000000, 0x0000000100000000)
  region size 1024K, 49 young (50176K), 1 survivors (1024K)
 Metaspace       used 110623K, capacity 115694K, committed 115896K, reserved 616448K
  class space    used 14412K, capacity 16262K, committed 16384K, reserved 516096K
}
Event: 271.087 GC heap after
{Heap after GC invocations=45 (full 0):
 garbage-first heap   total 258048K, used 170311K [0x0000000080000000, 0x0000000100000000)
  region size 1024K, 1 young (1024K), 1 survivors (1024K)
 Metaspace       used 110623K, capacity 115694K, committed 115896K, reserved 616448K
  class space    used 14412K, capacity 16262K, committed 16384K, reserved 516096K
}
Event: 310.861 GC heap before
{Heap before GC invocations=46 (full 0):
 garbage-first heap   total 258048K, used 220487K [0x0000000080000000, 0x0000000100000000)
  region size 1024K, 50 young (51200K), 1 survivors (1024K)
 Metaspace       used 110624K, capacity 115694K, committed 115896K, reserved 616448K
  class space    used 14412K, capacity 16262K, committed 16384K, reserved 516096K
}
Event: 310.864 GC heap after
{Heap after GC invocations=47 (full 0):
 garbage-first heap   total 258048K, used 170250K [0x0000000080000000, 0x0000000100000000)
  region size 1024K, 1 young (1024K), 1 survivors (1024K)
 Metaspace       used 110624K, capacity 115694K, committed 115896K, reserved 616448K
  class space    used 14412K, capacity 16262K, committed 16384K, reserved 516096K
}
Event: 357.178 GC heap before
{Heap before GC invocations=47 (full 0):
 garbage-first heap   total 258048K, used 220426K [0x0000000080000000, 0x0000000100000000)
  region size 1024K, 50 young (51200K), 1 survivors (1024K)
 Metaspace       used 110640K, capacity 115703K, committed 115896K, reserved 616448K
  class space    used 14414K, capacity 16265K, committed 16384K, reserved 516096K
}
Event: 357.182 GC heap after
{Heap after GC invocations=48 (full 0):
 garbage-first heap   total 258048K, used 170310K [0x0000000080000000, 0x0000000100000000)
  region size 1024K, 1 young (1024K), 1 survivors (1024K)
 Metaspace       used 110640K, capacity 115703K, committed 115896K, reserved 616448K
  class space    used 14414K, capacity 16265K, committed 16384K, reserved 516096K
}
Event: 393.159 GC heap before
{Heap before GC invocations=49 (full 0):
 garbage-first heap   total 258048K, used 221510K [0x0000000080000000, 0x0000000100000000)
  region size 1024K, 51 young (52224K), 1 survivors (1024K)
 Metaspace       used 110650K, capacity 115767K, committed 115896K, reserved 616448K
  class space    used 14414K, capacity 16265K, committed 16384K, reserved 516096K
}
Event: 393.162 GC heap after
{Heap after GC invocations=50 (full 0):
 garbage-first heap   total 258048K, used 170303K [0x0000000080000000, 0x0000000100000000)
  region size 1024K, 1 young (1024K), 1 survivors (1024K)
 Metaspace       used 110650K, capacity 115767K, committed 115896K, reserved 616448K
  class space    used 14414K, capacity 16265K, committed 16384K, reserved 516096K
}
Event: 419.367 GC heap before
{Heap before GC invocations=50 (full 0):
 garbage-first heap   total 258048K, used 221503K [0x0000000080000000, 0x0000000100000000)
  region size 1024K, 51 young (52224K), 1 survivors (1024K)
 Metaspace       used 110663K, capacity 115767K, committed 115896K, reserved 616448K
  class space    used 14414K, capacity 16265K, committed 16384K, reserved 516096K
}
Event: 419.369 GC heap after
{Heap after GC invocations=51 (full 0):
 garbage-first heap   total 258048K, used 170333K [0x0000000080000000, 0x0000000100000000)
  region size 1024K, 1 young (1024K), 1 survivors (1024K)
 Metaspace       used 110663K, capacity 115767K, committed 115896K, reserved 616448K
  class space    used 14414K, capacity 16265K, committed 16384K, reserved 516096K
}
Event: 452.669 GC heap before
{Heap before GC invocations=52 (full 0):
 garbage-first heap   total 258048K, used 222557K [0x0000000080000000, 0x0000000100000000)
  region size 1024K, 52 young (53248K), 1 survivors (1024K)
 Metaspace       used 110664K, capacity 115767K, committed 115896K, reserved 616448K
  class space    used 14414K, capacity 16265K, committed 16384K, reserved 516096K
}
Event: 452.672 GC heap after
{Heap after GC invocations=53 (full 0):
 garbage-first heap   total 258048K, used 170338K [0x0000000080000000, 0x0000000100000000)
  region size 1024K, 1 young (1024K), 1 survivors (1024K)
 Metaspace       used 110664K, capacity 115767K, committed 115896K, reserved 616448K
  class space    used 14414K, capacity 16265K, committed 16384K, reserved 516096K
}
Event: 483.654 GC heap before
{Heap before GC invocations=53 (full 0):
 garbage-first heap   total 258048K, used 222562K [0x0000000080000000, 0x0000000100000000)
  region size 1024K, 52 young (53248K), 1 survivors (1024K)
 Metaspace       used 110669K, capacity 115767K, committed 115896K, reserved 616448K
  class space    used 14414K, capacity 16265K, committed 16384K, reserved 516096K
}
Event: 483.660 GC heap after
{Heap after GC invocations=54 (full 0):
 garbage-first heap   total 258048K, used 170341K [0x0000000080000000, 0x0000000100000000)
  region size 1024K, 1 young (1024K), 1 survivors (1024K)
 Metaspace       used 110669K, capacity 115767K, committed 115896K, reserved 616448K
  class space    used 14414K, capacity 16265K, committed 16384K, reserved 516096K
}

