# JRE version: OpenJDK Runtime Environment Microsoft-8035250 (11.0.20+8) (build 11.0.20+8-LTS)
# Java VM: OpenJDK 64-Bit Server VM Microsoft-8035250 (11.0.20+8-LTS, mixed mode, tiered, compressed oops, g1 gc, windows-amd64)
Heap:
 garbage-first heap   total 258048K, used 28300K [0x0000000080000000, 0x0000000100000000)
  region size 1024K, 11 young (11264K), 4 survivors (4096K)
 Metaspace       used 32244K, capacity 32905K, committed 33072K, reserved 544768K
  class space    used 4208K, capacity 4479K, committed 4480K, reserved 516096K
GC Heap History (8 events):
Event: 1.115 GC heap before
{Heap before GC invocations=0 (full 0):
 garbage-first heap   total 258048K, used 27648K [0x0000000080000000, 0x0000000100000000)
  region size 1024K, 24 young (24576K), 0 survivors (0K)
 Metaspace       used 10126K, capacity 10390K, committed 10624K, reserved 526336K
  class space    used 1020K, capacity 1107K, committed 1152K, reserved 516096K
}
Event: 1.121 GC heap after
{Heap after GC invocations=1 (full 0):
 garbage-first heap   total 258048K, used 10476K [0x0000000080000000, 0x0000000100000000)
  region size 1024K, 3 young (3072K), 3 survivors (3072K)
 Metaspace       used 10126K, capacity 10390K, committed 10624K, reserved 526336K
  class space    used 1020K, capacity 1107K, committed 1152K, reserved 516096K
}
Event: 4.526 GC heap before
{Heap before GC invocations=1 (full 0):
 garbage-first heap   total 258048K, used 100588K [0x0000000080000000, 0x0000000100000000)
  region size 1024K, 91 young (93184K), 3 survivors (3072K)
 Metaspace       used 20733K, capacity 21133K, committed 21296K, reserved 536576K
  class space    used 2438K, capacity 2609K, committed 2688K, reserved 516096K
}
Event: 4.541 GC heap after
{Heap after GC invocations=2 (full 0):
 garbage-first heap   total 258048K, used 18531K [0x0000000080000000, 0x0000000100000000)
  region size 1024K, 11 young (11264K), 11 survivors (11264K)
 Metaspace       used 20733K, capacity 21133K, committed 21296K, reserved 536576K
  class space    used 2438K, capacity 2609K, committed 2688K, reserved 516096K
}
Event: 5.367 GC heap before
{Heap before GC invocations=3 (full 0):
 garbage-first heap   total 258048K, used 52323K [0x0000000080000000, 0x0000000100000000)
  region size 1024K, 44 young (45056K), 11 survivors (11264K)
 Metaspace       used 24068K, capacity 24598K, committed 24880K, reserved 538624K
  class space    used 2964K, capacity 3172K, committed 3200K, reserved 516096K
}
Event: 5.376 GC heap after
{Heap after GC invocations=4 (full 0):
 garbage-first heap   total 258048K, used 19819K [0x0000000080000000, 0x0000000100000000)
  region size 1024K, 2 young (2048K), 2 survivors (2048K)
 Metaspace       used 24068K, capacity 24598K, committed 24880K, reserved 538624K
  class space    used 2964K, capacity 3172K, committed 3200K, reserved 516096K
}
Event: 6.400 GC heap before
{Heap before GC invocations=4 (full 0):
 garbage-first heap   total 258048K, used 103787K [0x0000000080000000, 0x0000000100000000)
  region size 1024K, 84 young (86016K), 2 survivors (2048K)
 Metaspace       used 31331K, capacity 32063K, committed 32304K, reserved 544768K
  class space    used 4089K, capacity 4367K, committed 4480K, reserved 516096K
}
Event: 6.403 GC heap after
{Heap after GC invocations=5 (full 0):
 garbage-first heap   total 258048K, used 22156K [0x0000000080000000, 0x0000000100000000)
  region size 1024K, 4 young (4096K), 4 survivors (4096K)
 Metaspace       used 31331K, capacity 32063K, committed 32304K, reserved 544768K
  class space    used 4089K, capacity 4367K, committed 4480K, reserved 516096K
}

